2024-07-01 19:19:46 0 [Note] Starting MariaDB 10.4.32-MariaDB source revision c4143f909528e3fab0677a28631d10389354c491 as process 12884
2024-07-01 19:19:46 0 [Note] InnoDB: Mutexes and rw_locks use Windows interlocked functions
2024-07-01 19:19:46 0 [Note] InnoDB: Uses event mutexes
2024-07-01 19:19:46 0 [Note] InnoDB: Compressed tables use zlib 1.3
2024-07-01 19:19:46 0 [Note] InnoDB: Number of pools: 1
2024-07-01 19:19:46 0 [Note] InnoDB: Using SSE2 crc32 instructions
2024-07-01 19:19:46 0 [Note] InnoDB: Initializing buffer pool, total size = 16M, instances = 1, chunk size = 16M
2024-07-01 19:19:46 0 [Note] InnoDB: Completed initialization of buffer pool
2024-07-01 19:19:46 0 [Note] InnoDB: Starting crash recovery from checkpoint LSN=300288
2024-07-01 19:19:46 0 [Note] InnoDB: 128 out of 128 rollback segments are active.
2024-07-01 19:19:46 0 [Note] InnoDB: Removed temporary tablespace data file: "ibtmp1"
2024-07-01 19:19:46 0 [Note] InnoDB: Creating shared tablespace for temporary tables
2024-07-01 19:19:46 0 [Note] InnoDB: Setting file 'C:\xampp\mysql\data\ibtmp1' size to 12 MB. Physically writing the file full; Please wait ...
2024-07-01 19:19:46 0 [Note] InnoDB: File 'C:\xampp\mysql\data\ibtmp1' size is now 12 MB.
2024-07-01 19:19:46 0 [Note] InnoDB: Waiting for purge to start
2024-07-01 19:19:46 0 [Note] InnoDB: 10.4.32 started; log sequence number 300297; transaction id 170
2024-07-01 19:19:46 0 [Note] InnoDB: Loading buffer pool(s) from C:\xampp\mysql\data\ib_buffer_pool
2024-07-01 19:19:46 0 [Note] Plugin 'FEEDBACK' is disabled.
2024-07-01 19:19:46 0 [Note] InnoDB: Buffer pool(s) load completed at 240701 19:19:46
2024-07-01 19:19:46 0 [Note] Server socket created on IP: '::'.
2024-07-02  7:31:08 0 [Note] Starting MariaDB 10.4.32-MariaDB source revision c4143f909528e3fab0677a28631d10389354c491 as process 5416
2024-07-02  7:31:08 0 [Note] InnoDB: Mutexes and rw_locks use Windows interlocked functions
2024-07-02  7:31:08 0 [Note] InnoDB: Uses event mutexes
2024-07-02  7:31:08 0 [Note] InnoDB: Compressed tables use zlib 1.3
2024-07-02  7:31:08 0 [Note] InnoDB: Number of pools: 1
2024-07-02  7:31:08 0 [Note] InnoDB: Using SSE2 crc32 instructions
2024-07-02  7:31:08 0 [Note] InnoDB: Initializing buffer pool, total size = 16M, instances = 1, chunk size = 16M
2024-07-02  7:31:08 0 [Note] InnoDB: Completed initialization of buffer pool
2024-07-02  7:31:08 0 [Note] InnoDB: Starting crash recovery from checkpoint LSN=981834
2024-07-02  7:31:08 0 [Note] InnoDB: 128 out of 128 rollback segments are active.
2024-07-02  7:31:08 0 [Note] InnoDB: Removed temporary tablespace data file: "ibtmp1"
2024-07-02  7:31:08 0 [Note] InnoDB: Creating shared tablespace for temporary tables
2024-07-02  7:31:08 0 [Note] InnoDB: Setting file 'C:\xampp\mysql\data\ibtmp1' size to 12 MB. Physically writing the file full; Please wait ...
2024-07-02  7:31:08 0 [Note] InnoDB: File 'C:\xampp\mysql\data\ibtmp1' size is now 12 MB.
2024-07-02  7:31:08 0 [Note] InnoDB: Waiting for purge to start
2024-07-02  7:31:08 0 [Note] InnoDB: 10.4.32 started; log sequence number 981843; transaction id 759
2024-07-02  7:31:08 0 [Note] InnoDB: Loading buffer pool(s) from C:\xampp\mysql\data\ib_buffer_pool
2024-07-02  7:31:08 0 [Note] Plugin 'FEEDBACK' is disabled.
2024-07-02  7:31:08 0 [Note] InnoDB: Buffer pool(s) load completed at 240702  7:31:08
2024-07-02  7:31:08 0 [Note] Server socket created on IP: '::'.
2024-07-03 13:43:36 0 [Note] Starting MariaDB 10.4.32-MariaDB source revision c4143f909528e3fab0677a28631d10389354c491 as process 14984
2024-07-03 13:43:36 0 [Note] InnoDB: Mutexes and rw_locks use Windows interlocked functions
2024-07-03 13:43:36 0 [Note] InnoDB: Uses event mutexes
2024-07-03 13:43:36 0 [Note] InnoDB: Compressed tables use zlib 1.3
2024-07-03 13:43:36 0 [Note] InnoDB: Number of pools: 1
2024-07-03 13:43:36 0 [Note] InnoDB: Using SSE2 crc32 instructions
2024-07-03 13:43:36 0 [Note] InnoDB: Initializing buffer pool, total size = 16M, instances = 1, chunk size = 16M
2024-07-03 13:43:36 0 [Note] InnoDB: Completed initialization of buffer pool
2024-07-03 13:43:36 0 [Note] InnoDB: Starting crash recovery from checkpoint LSN=982169
2024-07-03 13:43:36 0 [Note] InnoDB: 128 out of 128 rollback segments are active.
2024-07-03 13:43:36 0 [Note] InnoDB: Removed temporary tablespace data file: "ibtmp1"
2024-07-03 13:43:36 0 [Note] InnoDB: Creating shared tablespace for temporary tables
2024-07-03 13:43:36 0 [Note] InnoDB: Setting file 'C:\xampp\mysql\data\ibtmp1' size to 12 MB. Physically writing the file full; Please wait ...
2024-07-03 13:43:36 0 [Note] InnoDB: File 'C:\xampp\mysql\data\ibtmp1' size is now 12 MB.
2024-07-03 13:43:36 0 [Note] InnoDB: Waiting for purge to start
2024-07-03 13:43:36 0 [Note] InnoDB: 10.4.32 started; log sequence number 982178; transaction id 789
2024-07-03 13:43:36 0 [Note] InnoDB: Loading buffer pool(s) from C:\xampp\mysql\data\ib_buffer_pool
2024-07-03 13:43:36 0 [Note] Plugin 'FEEDBACK' is disabled.
2024-07-03 13:43:36 0 [Note] InnoDB: Buffer pool(s) load completed at 240703 13:43:36
2024-07-03 13:43:36 0 [Note] Server socket created on IP: '::'.
2024-07-04 12:29:42 0 [Note] Starting MariaDB 10.4.32-MariaDB source revision c4143f909528e3fab0677a28631d10389354c491 as process 13176
2024-07-04 12:29:42 0 [Note] InnoDB: Mutexes and rw_locks use Windows interlocked functions
2024-07-04 12:29:42 0 [Note] InnoDB: Uses event mutexes
2024-07-04 12:29:42 0 [Note] InnoDB: Compressed tables use zlib 1.3
2024-07-04 12:29:42 0 [Note] InnoDB: Number of pools: 1
2024-07-04 12:29:42 0 [Note] InnoDB: Using SSE2 crc32 instructions
2024-07-04 12:29:42 0 [Note] InnoDB: Initializing buffer pool, total size = 16M, instances = 1, chunk size = 16M
2024-07-04 12:29:42 0 [Note] InnoDB: Completed initialization of buffer pool
2024-07-04 12:29:42 0 [Note] InnoDB: Starting crash recovery from checkpoint LSN=1626427
2024-07-04 12:29:42 0 [Note] InnoDB: 128 out of 128 rollback segments are active.
2024-07-04 12:29:42 0 [Note] InnoDB: Removed temporary tablespace data file: "ibtmp1"
2024-07-04 12:29:42 0 [Note] InnoDB: Creating shared tablespace for temporary tables
2024-07-04 12:29:42 0 [Note] InnoDB: Setting file 'C:\xampp\mysql\data\ibtmp1' size to 12 MB. Physically writing the file full; Please wait ...
2024-07-04 12:29:42 0 [Note] InnoDB: File 'C:\xampp\mysql\data\ibtmp1' size is now 12 MB.
2024-07-04 12:29:42 0 [Note] InnoDB: Waiting for purge to start
2024-07-04 12:29:42 0 [Note] InnoDB: 10.4.32 started; log sequence number 1626436; transaction id 1356
2024-07-04 12:29:42 0 [Note] InnoDB: Loading buffer pool(s) from C:\xampp\mysql\data\ib_buffer_pool
2024-07-04 12:29:42 0 [Note] Plugin 'FEEDBACK' is disabled.
2024-07-04 12:29:42 0 [Note] InnoDB: Buffer pool(s) load completed at 240704 12:29:42
2024-07-04 12:29:42 0 [Note] Server socket created on IP: '::'.
2024-07-05  9:37:50 0 [Note] Starting MariaDB 10.4.32-MariaDB source revision c4143f909528e3fab0677a28631d10389354c491 as process 8644
2024-07-05  9:37:50 0 [Note] InnoDB: Mutexes and rw_locks use Windows interlocked functions
2024-07-05  9:37:50 0 [Note] InnoDB: Uses event mutexes
2024-07-05  9:37:50 0 [Note] InnoDB: Compressed tables use zlib 1.3
2024-07-05  9:37:50 0 [Note] InnoDB: Number of pools: 1
2024-07-05  9:37:50 0 [Note] InnoDB: Using SSE2 crc32 instructions
2024-07-05  9:37:50 0 [Note] InnoDB: Initializing buffer pool, total size = 16M, instances = 1, chunk size = 16M
2024-07-05  9:37:50 0 [Note] InnoDB: Completed initialization of buffer pool
2024-07-05  9:37:50 0 [Note] InnoDB: Starting crash recovery from checkpoint LSN=1630917
2024-07-05  9:37:50 0 [Note] InnoDB: 128 out of 128 rollback segments are active.
2024-07-05  9:37:50 0 [Note] InnoDB: Removed temporary tablespace data file: "ibtmp1"
2024-07-05  9:37:50 0 [Note] InnoDB: Creating shared tablespace for temporary tables
2024-07-05  9:37:50 0 [Note] InnoDB: Setting file 'C:\xampp\mysql\data\ibtmp1' size to 12 MB. Physically writing the file full; Please wait ...
2024-07-05  9:37:50 0 [Note] InnoDB: File 'C:\xampp\mysql\data\ibtmp1' size is now 12 MB.
2024-07-05  9:37:50 0 [Note] InnoDB: Waiting for purge to start
2024-07-05  9:37:50 0 [Note] InnoDB: 10.4.32 started; log sequence number 1630926; transaction id 1402
2024-07-05  9:37:50 0 [Note] InnoDB: Loading buffer pool(s) from C:\xampp\mysql\data\ib_buffer_pool
2024-07-05  9:37:50 0 [Note] Plugin 'FEEDBACK' is disabled.
2024-07-05  9:37:50 0 [Note] InnoDB: Buffer pool(s) load completed at 240705  9:37:50
2024-07-05  9:37:50 0 [Note] Server socket created on IP: '::'.
